[    0.000000] Linux version 4.15.0-48-generic (buildd@lgw01-amd64-036) (gcc version 7.3.0 (Ubuntu 7.3.0-16ubuntu3)) #51-Ubuntu SMP Wed Apr 3 08:28:49 UTC 2019 (Ubuntu 4.15.0-48.51-generic 4.15.18)
[    0.000000] Command line: BOOT_IMAGE=/boot/vmlinuz-4.15.0-48-generic root=LABEL=cloudimg-rootfs ro console=tty1 console=ttyS0
[    0.000000] KERNEL supported cpus:
[    0.000000]   Intel GenuineIntel
[    0.000000]   AMD AuthenticAMD
[    0.000000]   Centaur CentaurHauls
[    0.000000] x86/fpu: Supporting XSAVE feature 0x001: 'x87 floating point registers'
[    0.000000] x86/fpu: Supporting XSAVE feature 0x002: 'SSE registers'
[    0.000000] x86/fpu: Supporting XSAVE feature 0x004: 'AVX registers'
[    0.000000] x86/fpu: xstate_offset[2]:  576, xstate_sizes[2]:  256
[    0.000000] x86/fpu: Enabled xstate features 0x7, context size is 832 bytes, using 'standard' format.
[    0.000000] e820: BIOS-provided physical RAM map:
[    0.000000] BIOS-e820: [mem 0x0000000000000000-0x000000000009fbff] usable
[    0.000000] BIOS-e820: [mem 0x000000000009fc00-0x000000000009ffff] reserved
[    0.000000] BIOS-e820: [mem 0x00000000000f0000-0x00000000000fffff] reserved
[    0.000000] BIOS-e820: [mem 0x0000000000100000-0x000000007ffeffff] usable
[    0.000000] BIOS-e820: [mem 0x000000007fff0000-0x000000007fffffff] ACPI data
[    0.000000] BIOS-e820: [mem 0x00000000fec00000-0x00000000fec00fff] reserved
[    0.000000] BIOS-e820: [mem 0x00000000fee00000-0x00000000fee00fff] reserved
[    0.000000] BIOS-e820: [mem 0x00000000fffc0000-0x00000000ffffffff] reserved
[    0.000000] NX (Execute Disable) protection: active
[    0.000000] SMBIOS 2.5 present.
[    0.000000] DMI: innotek GmbH VirtualBox/VirtualBox, BIOS VirtualBox 12/01/2006
[    0.000000] Hypervisor detected: KVM
[    0.000000] e820: last_pfn = 0x7fff0 max_arch_pfn = 0x400000000
[    0.000000] MTRR: Disabled
[    0.000000] x86/PAT: MTRRs disabled, skipping PAT initialization too.
[    0.000000] CPU MTRRs all blank - virtualized system.
[    0.000000] x86/PAT: Configuration [0-7]: WB  WT  UC- UC  WB  WT  UC- UC  
[    0.000000] found SMP MP-table at [mem 0x0009fff0-0x0009ffff] mapped at [        (ptrval)]
[    0.000000] Scanning 1 areas for low memory corruption
[    0.000000] RAMDISK: [mem 0x35add000-0x36d65fff]
[    0.000000] ACPI: Early table checksum verification disabled
[    0.000000] ACPI: RSDP 0x00000000000E0000 000024 (v02 VBOX  )
[    0.000000] ACPI: XSDT 0x000000007FFF0030 00003C (v01 VBOX   VBOXXSDT 00000001 ASL  00000061)
[    0.000000] ACPI: FACP 0x000000007FFF00F0 0000F4 (v04 VBOX   VBOXFACP 00000001 ASL  00000061)
[    0.000000] ACPI: DSDT 0x000000007FFF0470 0021FF (v02 VBOX   VBOXBIOS 00000002 INTL 20180105)
[    0.000000] ACPI: FACS 0x000000007FFF0200 000040
[    0.000000] ACPI: FACS 0x000000007FFF0200 000040
[    0.000000] ACPI: APIC 0x000000007FFF0240 00005C (v02 VBOX   VBOXAPIC 00000001 ASL  00000061)
[    0.000000] ACPI: SSDT 0x000000007FFF02A0 0001CC (v01 VBOX   VBOXCPUT 00000002 INTL 20180105)
[    0.000000] No NUMA configuration found
[    0.000000] Faking a node at [mem 0x0000000000000000-0x000000007ffeffff]
[    0.000000] NODE_DATA(0) allocated [mem 0x7ffc5000-0x7ffeffff]
[    0.000000] kvm-clock: cpu 0, msr 0:7ff44001, primary cpu clock
[    0.000000] kvm-clock: Using msrs 4b564d01 and 4b564d00
[    0.000000] kvm-clock: using sched offset of 15820874256 cycles
[    0.000000] clocksource: kvm-clock: mask: 0xffffffffffffffff max_cycles: 0x1cd42e4dffb, max_idle_ns: 881590591483 ns
[    0.000000] Zone ranges:
[    0.000000]   DMA      [mem 0x0000000000001000-0x0000000000ffffff]
[    0.000000]   DMA32    [mem 0x0000000001000000-0x000000007ffeffff]
[    0.000000]   Normal   empty
[    0.000000]   Device   empty
[    0.000000] Movable zone start for each node
[    0.000000] Early memory node ranges
[    0.000000]   node   0: [mem 0x0000000000001000-0x000000000009efff]
[    0.000000]   node   0: [mem 0x0000000000100000-0x000000007ffeffff]
[    0.000000] Reserved but unavailable: 114 pages
[    0.000000] Initmem setup node 0 [mem 0x0000000000001000-0x000000007ffeffff]
[    0.000000] ACPI: PM-Timer IO Port: 0x4008
[    0.000000] IOAPIC[0]: apic_id 2, version 32, address 0xfec00000, GSI 0-23
[    0.000000] ACPI: INT_SRC_OVR (bus 0 bus_irq 0 global_irq 2 dfl dfl)
[    0.000000] ACPI: INT_SRC_OVR (bus 0 bus_irq 9 global_irq 9 low level)
[    0.000000] Using ACPI (MADT) for SMP configuration information
[    0.000000] smpboot: Allowing 2 CPUs, 0 hotplug CPUs
[    0.000000] PM: Registered nosave memory: [mem 0x00000000-0x00000fff]
[    0.000000] PM: Registered nosave memory: [mem 0x0009f000-0x0009ffff]
[    0.000000] PM: Registered nosave memory: [mem 0x000a0000-0x000effff]
[    0.000000] PM: Registered nosave memory: [mem 0x000f0000-0x000fffff]
[    0.000000] e820: [mem 0x80000000-0xfebfffff] available for PCI devices
[    0.000000] Booting paravirtualized kernel on KVM
[    0.000000] clocksource: refined-jiffies: mask: 0xffffffff max_cycles: 0xffffffff, max_idle_ns: 7645519600211568 ns
[    0.000000] random: get_random_bytes called from start_kernel+0x99/0x4fd with crng_init=0
[    0.000000] setup_percpu: NR_CPUS:8192 nr_cpumask_bits:2 nr_cpu_ids:2 nr_node_ids:1
[    0.000000] percpu: Embedded 46 pages/cpu @        (ptrval) s151552 r8192 d28672 u1048576
[    0.000000] PV qspinlock hash table entries: 256 (order: 0, 4096 bytes)
[    0.000000] Built 1 zonelists, mobility grouping on.  Total pages: 515961
[    0.000000] Policy zone: DMA32
[    0.000000] Kernel command line: BOOT_IMAGE=/boot/vmlinuz-4.15.0-48-generic root=LABEL=cloudimg-rootfs ro console=tty1 console=ttyS0
[    0.000000] Memory: 2015796K/2096696K available (12300K kernel code, 2473K rwdata, 4276K rodata, 2408K init, 2416K bss, 80900K reserved, 0K cma-reserved)
[    0.000000] SLUB: HWalign=64, Order=0-3, MinObjects=0, CPUs=2, Nodes=1
[    0.000000] Kernel/User page tables isolation: enabled
[    0.000000] ftrace: allocating 39226 entries in 154 pages
[    0.004000] Hierarchical RCU implementation.
[    0.004000] 	RCU restricting CPUs from NR_CPUS=8192 to nr_cpu_ids=2.
[    0.004000] 	Tasks RCU enabled.
[    0.004000] RCU: Adjusting geometry for rcu_fanout_leaf=16, nr_cpu_ids=2
[    0.004000] NR_IRQS: 524544, nr_irqs: 440, preallocated irqs: 16
[    0.004000] Console: colour VGA+ 80x25
[    0.004000] console [tty1] enabled
[    0.004000] console [ttyS0] enabled
[    0.004000] ACPI: Core revision 20170831
[    0.004000] ACPI: 2 ACPI AML tables successfully acquired and loaded
[    0.004000] APIC: Switch to symmetric I/O mode setup
[    0.012000] x2apic enabled
[    0.012082] Switched APIC routing to physical x2apic.
[    0.050226] ..TIMER: vector=0x30 apic1=0 pin1=2 apic2=-1 pin2=-1
[    0.052012] tsc: Detected 2297.338 MHz processor
[    0.056040] Calibrating delay loop (skipped) preset value.. 4594.67 BogoMIPS (lpj=9189352)
[    0.060009] pid_max: default: 32768 minimum: 301
[    0.064059] Security Framework initialized
[    0.068005] Yama: becoming mindful.
[    0.072084] AppArmor: AppArmor initialized
[    0.080825] Dentry cache hash table entries: 262144 (order: 9, 2097152 bytes)
[    0.090686] Inode-cache hash table entries: 131072 (order: 8, 1048576 bytes)
[    0.092033] Mount-cache hash table entries: 4096 (order: 3, 32768 bytes)
[    0.096024] Mountpoint-cache hash table entries: 4096 (order: 3, 32768 bytes)
[    0.102090] mce: CPU supports 0 MCE banks
[    0.104433] Last level iTLB entries: 4KB 0, 2MB 0, 4MB 0
[    0.108004] Last level dTLB entries: 4KB 0, 2MB 0, 4MB 0, 1GB 0
[    0.116005] Spectre V2 : Mitigation: Full generic retpoline
[    0.120003] Spectre V2 : Spectre v2 / SpectreRSB mitigation: Filling RSB on context switch
[    0.124004] Speculative Store Bypass: Vulnerable
[    0.128170] Freeing SMP alternatives memory: 36K
[    0.136000] smpboot: CPU0: Intel Core Processor (Haswell, no TSX) (family: 0x6, model: 0x3c, stepping: 0x1)
[    0.136148] Performance Events: unsupported p6 CPU model 60 no PMU driver, software events only.
[    0.140217] Hierarchical SRCU implementation.
[    0.144876] NMI watchdog: Perf event create on CPU 0 failed with -2
[    0.148003] NMI watchdog: Perf NMI watchdog permanently disabled
[    0.152111] smp: Bringing up secondary CPUs ...
[    0.156334] x86: Booting SMP configuration:
[    0.160004] .... node  #0, CPUs:      #1
[    0.004000] kvm-clock: cpu 1, msr 0:7ff44041, secondary cpu clock
[    0.004000] mce: CPU supports 0 MCE banks
[    0.264122] smp: Brought up 1 node, 2 CPUs
[    0.268007] smpboot: Max logical packages: 1
[    0.272006] smpboot: Total of 2 processors activated (9189.35 BogoMIPS)
[    0.280007] devtmpfs: initialized
[    0.284092] x86/mm: Memory block size: 128MB
[    0.288305] evm: security.selinux
[    0.292004] evm: security.SMACK64
[    0.296003] evm: security.SMACK64EXEC
[    0.300003] evm: security.SMACK64TRANSMUTE
[    0.304004] evm: security.SMACK64MMAP
[    0.308003] evm: security.apparmor
[    0.312004] evm: security.ima
[    0.316004] evm: security.capability
[    0.324082] clocksource: jiffies: mask: 0xffffffff max_cycles: 0xffffffff, max_idle_ns: 7645041785100000 ns
[    0.328012] futex hash table entries: 512 (order: 3, 32768 bytes)
[    0.332172] pinctrl core: initialized pinctrl subsystem
[    0.337342] RTC time:  0:46:34, date: 07/03/19
[    0.341569] NET: Registered protocol family 16
[    0.344115] audit: initializing netlink subsys (disabled)
[    0.348453] audit: type=2000 audit(1562114807.266:1): state=initialized audit_enabled=0 res=1
[    0.432097] cpuidle: using governor ladder
[    0.436022] cpuidle: using governor menu
[    0.440068] ACPI: bus type PCI registered
[    0.444007] acpiphp: ACPI Hot Plug PCI Controller Driver version: 0.5
[    0.452005] PCI: Using configuration type 1 for base access
[    0.468182] HugeTLB registered 2.00 MiB page size, pre-allocated 0 pages
[    0.480285] ACPI: Added _OSI(Module Device)
[    0.484101] ACPI: Added _OSI(Processor Device)
[    0.488006] ACPI: Added _OSI(3.0 _SCP Extensions)
[    0.492049] ACPI: Added _OSI(Processor Aggregator Device)
[    0.496004] ACPI: Added _OSI(Linux-Dell-Video)
[    0.500014] ACPI: Added _OSI(Linux-Lenovo-NV-HDMI-Audio)
[    0.504005] ACPI: Added _OSI(Linux-HPI-Hybrid-Graphics)
[    0.514896] ACPI: Executed 1 blocks of module-level executable AML code
[    0.528000] ACPI: Interpreter enabled
[    0.528016] ACPI: (supports S0 S5)
[    0.532004] ACPI: Using IOAPIC for interrupt routing
[    0.540602] PCI: Using host bridge windows from ACPI; if necessary, use "pci=nocrs" and report a bug
[    0.545670] ACPI: Enabled 2 GPEs in block 00 to 07
[    0.587178] ACPI: PCI Root Bridge [PCI0] (domain 0000 [bus 00-ff])
[    0.588010] acpi PNP0A03:00: _OSC: OS supports [ASPM ClockPM Segments MSI]
[    0.592052] acpi PNP0A03:00: _OSC: not requesting OS control; OS requires [ExtendedConfig ASPM ClockPM MSI]
[    0.596015] acpi PNP0A03:00: fail to add MMCONFIG information, can't access extended PCI configuration space under this bridge.
[    0.607616] PCI host bridge to bus 0000:00
[    0.608015] pci_bus 0000:00: root bus resource [io  0x0000-0x0cf7 window]
[    0.612005] pci_bus 0000:00: root bus resource [io  0x0d00-0xffff window]
[    0.616005] pci_bus 0000:00: root bus resource [mem 0x000a0000-0x000bffff window]
[    0.620005] pci_bus 0000:00: root bus resource [mem 0x80000000-0xfdffffff window]
[    0.624006] pci_bus 0000:00: root bus resource [bus 00-ff]
[    0.680463] pci 0000:00:01.1: legacy IDE quirk: reg 0x10: [io  0x01f0-0x01f7]
[    0.684006] pci 0000:00:01.1: legacy IDE quirk: reg 0x14: [io  0x03f6]
[    0.688006] pci 0000:00:01.1: legacy IDE quirk: reg 0x18: [io  0x0170-0x0177]
[    0.692005] pci 0000:00:01.1: legacy IDE quirk: reg 0x1c: [io  0x0376]
[    1.138847] pci 0000:00:07.0: quirk: [io  0x4000-0x403f] claimed by PIIX4 ACPI
[    1.168401] pci 0000:00:07.0: quirk: [io  0x4100-0x410f] claimed by PIIX4 SMB
[    1.453029] ACPI: PCI Interrupt Link [LNKA] (IRQs 5 9 10 *11)
[    1.476917] ACPI: PCI Interrupt Link [LNKB] (IRQs 5 9 *10 11)
[    1.504570] ACPI: PCI Interrupt Link [LNKC] (IRQs 5 *9 10 11)
[    1.536580] ACPI: PCI Interrupt Link [LNKD] (IRQs 5 9 10 *11)
[    1.569746] SCSI subsystem initialized
[    1.596816] pci 0000:00:02.0: vgaarb: setting as boot VGA device
[    1.600000] pci 0000:00:02.0: vgaarb: VGA device added: decodes=io+mem,owns=io+mem,locks=none
[    1.600025] pci 0000:00:02.0: vgaarb: bridge control possible
[    1.604008] vgaarb: loaded
[    1.612392] ACPI: bus type USB registered
[    1.616589] usbcore: registered new interface driver usbfs
[    1.620249] usbcore: registered new interface driver hub
[    1.624152] usbcore: registered new device driver usb
[    1.628644] EDAC MC: Ver: 3.0.0
[    1.648810] PCI: Using ACPI for IRQ routing
[    1.662198] NetLabel: Initializing
[    1.664009] NetLabel:  domain hash size = 128
[    1.668005] NetLabel:  protocols = UNLABELED CIPSOv4 CALIPSO
[    1.672504] NetLabel:  unlabeled traffic allowed by default
[    1.683323] clocksource: Switched to clocksource kvm-clock
[    1.741246] VFS: Disk quotas dquot_6.6.0
[    1.759647] VFS: Dquot-cache hash table entries: 512 (order 0, 4096 bytes)
[    1.790035] AppArmor: AppArmor Filesystem Enabled
[    1.811151] pnp: PnP ACPI init
[    1.834914] pnp: PnP ACPI: found 3 devices
[    1.940062] clocksource: acpi_pm: mask: 0xffffff max_cycles: 0xffffff, max_idle_ns: 2085701024 ns
[    1.977309] NET: Registered protocol family 2
[    2.000237] TCP established hash table entries: 16384 (order: 5, 131072 bytes)
[    2.031410] TCP bind hash table entries: 16384 (order: 6, 262144 bytes)
[    2.062966] TCP: Hash tables configured (established 16384 bind 16384)
[    2.091162] UDP hash table entries: 1024 (order: 3, 32768 bytes)
[    2.116434] UDP-Lite hash table entries: 1024 (order: 3, 32768 bytes)
[    2.143790] NET: Registered protocol family 1
[    2.163154] pci 0000:00:00.0: Limiting direct PCI/PCI transfers
[    2.189593] pci 0000:00:01.0: Activating ISA DMA hang workarounds
[    2.216883] pci 0000:00:02.0: Video device with shadowed ROM at [mem 0x000c0000-0x000dffff]
[    2.253852] Unpacking initramfs...
[    2.768250] Freeing initrd memory: 18980K
[    2.791191] platform rtc_cmos: registered platform RTC device (no PNP device found)
[    2.836493] Scanning for low memory corruption every 60 seconds
[    2.877760] Initialise system trusted keyrings
[    2.898806] Key type blacklist registered
[    2.918055] workingset: timestamp_bits=36 max_order=19 bucket_order=0
[    2.946819] zbud: loaded
[    2.969345] squashfs: version 4.0 (2009/01/31) Phillip Lougher
[    3.011817] fuse init (API version 7.26)
[    3.114366] Key type asymmetric registered
[    3.138294] Asymmetric key parser 'x509' registered
[    3.163671] Block layer SCSI generic (bsg) driver version 0.4 loaded (major 246)
[    3.197911] io scheduler noop registered
[    3.216236] io scheduler deadline registered
[    3.235968] io scheduler cfq registered (default)
[    3.260857] ACPI: AC Adapter [AC] (on-line)
[    3.281356] input: Power Button as /devices/LNXSYSTM:00/LNXPWRBN:00/input/input0
[    3.315493] ACPI: Power Button [PWRF]
[    3.334238] input: Sleep Button as /devices/LNXSYSTM:00/LNXSLPBN:00/input/input1
[    3.367072] ACPI: Sleep Button [SLPF]
[    3.388772] Serial: 8250/16550 driver, 32 ports, IRQ sharing enabled
[    3.498235] 00:02: ttyS0 at I/O 0x3f8 (irq = 4, base_baud = 115200) is a 16550A
[    3.566417] Linux agpgart interface v0.103
[    3.606809] loop: module loaded
[    3.628532] scsi host0: ata_piix
[    3.645732] scsi host1: ata_piix
[    3.660993] ata1: PATA max UDMA/33 cmd 0x1f0 ctl 0x3f6 bmdma 0xd000 irq 14
[    3.690724] ata2: PATA max UDMA/33 cmd 0x170 ctl 0x376 bmdma 0xd008 irq 15
[    3.720500] libphy: Fixed MDIO Bus: probed
[    3.740315] tun: Universal TUN/TAP device driver, 1.6
[    3.764278] PPP generic driver version 2.4.2
[    3.784657] ehci_hcd: USB 2.0 'Enhanced' Host Controller (EHCI) Driver
[    3.813584] ehci-pci: EHCI PCI platform driver
[    3.834178] ehci-platform: EHCI generic platform driver
[    3.858267] ohci_hcd: USB 1.1 'Open' Host Controller (OHCI) Driver
[    3.886486] ohci-pci: OHCI PCI platform driver
[    3.907627] ohci-platform: OHCI generic platform driver
[    3.931905] uhci_hcd: USB Universal Host Controller Interface driver
[    3.959470] i8042: PNP: PS/2 Controller [PNP0303:PS2K,PNP0f03:PS2M] at 0x60,0x64 irq 1,12
[    4.001319] serio: i8042 KBD port at 0x60,0x64 irq 1
[    4.027195] serio: i8042 AUX port at 0x60,0x64 irq 12
[    4.051661] mousedev: PS/2 mouse device common for all mice
[    4.085994] rtc_cmos rtc_cmos: rtc core: registered rtc_cmos as rtc0
[    4.116333] rtc_cmos rtc_cmos: alarms up to one day, 114 bytes nvram
[    4.143618] input: AT Translated Set 2 keyboard as /devices/platform/i8042/serio0/input/input2
[    4.181225] i2c /dev entries driver
[    4.215468] pcie_mp2_amd: AMD(R) PCI-E MP2 Communication Driver Version: 1.0
[    4.262507] device-mapper: uevent: version 1.0.3
[    4.291584] device-mapper: ioctl: 4.37.0-ioctl (2017-09-20) initialised: dm-devel@redhat.com
[    4.350230] ledtrig-cpu: registered to indicate activity on CPUs
[    4.377815] NET: Registered protocol family 10
[    4.443382] Segment Routing with IPv6
[    4.461307] NET: Registered protocol family 17
[    4.481818] Key type dns_resolver registered
[    4.503575] RAS: Correctable Errors collector initialized.
[    4.536393] sched_clock: Marking stable (4536242264, 0)->(9675994915, -5139752651)
[    4.583204] registered taskstats version 1
[    4.600701] Loading compiled-in X.509 certificates
[    4.628989] Loaded X.509 cert 'Build time autogenerated kernel key: e7056c016f846647db0f624c10ce588fee742707'
[    4.668123] zswap: loaded using pool lzo/zbud
[    4.711593] Key type big_key registered
[    4.728360] Key type trusted registered
[    4.753252] Key type encrypted registered
[    4.770293] AppArmor: AppArmor sha1 policy hashing enabled
[    4.793421] ima: No TPM chip found, activating TPM-bypass! (rc=-19)
[    4.846346] ima: Allocated hash algorithm: sha1
[    4.865934] evm: HMAC attrs: 0x1
[    4.886976]   Magic number: 11:462:758
[    4.905017] tty ttyS9: hash matches
[    4.922608] rtc_cmos rtc_cmos: setting system clock to 2019-07-03 00:46:39 UTC (1562114799)
[    4.963983] BIOS EDD facility v0.16 2004-Jun-25, 0 devices found
[    4.993991] EDD information not available.
[    5.026911] Freeing unused kernel image memory: 2408K
[    5.076632] Write protecting the kernel read-only data: 20480k
[    5.128934] Freeing unused kernel image memory: 2008K
[    5.163429] Freeing unused kernel image memory: 1868K
[    5.196677] x86/mm: Checked W+X mappings: passed, no W+X pages found.
[    5.230226] x86/mm: Checking user space page tables
[    5.262453] x86/mm: Checked W+X mappings: passed, no W+X pages found.
Loading, please wait...
starting version 237
[    5.514136] e1000: Intel(R) PRO/1000 Network Driver - version 7.3.21-k8-NAPI
[    5.545589] e1000: Copyright (c) 1999-2006 Intel Corporation.
[    5.596631] Fusion MPT base driver 3.04.20
[    5.616317] Copyright (c) 1999-2008 LSI Corporation
[    5.687400] AVX2 version of gcm_enc/dec engaged.
[    5.715962] AES CTR mode by8 optimization enabled
[    5.741592] Fusion MPT SPI Host driver 3.04.20
[    6.093343] input: ImExPS/2 Generic Explorer Mouse as /devices/platform/i8042/serio1/input/input4
[    7.796775] e1000 0000:00:03.0 eth0: (PCI:33MHz:32-bit) 02:35:4a:03:dd:91
[    7.830892] e1000 0000:00:03.0 eth0: Intel(R) PRO/1000 Network Connection
[    7.866349] mptbase: ioc0: Initiating bringup
[    8.346249] ioc0: LSI53C1030 A0: Capabilities={Initiator}
[    9.620675] scsi host2: ioc0: LSI53C1030 A0, FwRev=00000000h, Ports=1, MaxQ=256, IRQ=20
[   10.085054] scsi 2:0:0:0: Direct-Access     VBOX     HARDDISK         1.0  PQ: 0 ANSI: 5
[   10.196487] scsi target2:0:0: Beginning Domain Validation
[   10.267626] random: fast init done
[   10.304997] scsi target2:0:0: Domain Validation skipping write tests
[   10.335668] scsi target2:0:0: Ending Domain Validation
[   10.363213] scsi target2:0:0: asynchronous
[   10.387418] scsi 2:0:1:0: Direct-Access     VBOX     HARDDISK         1.0  PQ: 0 ANSI: 5
[   10.792542] scsi target2:0:1: Beginning Domain Validation
[   10.838209] scsi target2:0:1: Domain Validation skipping write tests
[   10.873194] scsi target2:0:1: Ending Domain Validation
[   10.902642] scsi target2:0:1: asynchronous
[   10.962098] sd 2:0:0:0: Attached scsi generic sg0 type 0
[   10.971311] random: systemd-udevd: uninitialized urandom read (16 bytes read)
[   10.971348] random: systemd-udevd: uninitialized urandom read (16 bytes read)
[   10.971353] random: systemd-udevd: uninitialized urandom read (16 bytes read)
[   11.086175] sd 2:0:1:0: Attached scsi generic sg1 type 0
[   11.114224] sd 2:0:1:0: [sdb] 20480 512-byte logical blocks: (10.5 MB/10.0 MiB)
[   11.147076] sd 2:0:1:0: [sdb] Write Protect is off
[   11.170818] sd 2:0:1:0: [sdb] Incomplete mode parameter data
[   11.189194] sd 2:0:0:0: [sda] 20971520 512-byte logical blocks: (10.7 GB/10.0 GiB)
[   11.216852] sd 2:0:0:0: [sda] Write Protect is off
[   11.254777] sd 2:0:1:0: [sdb] Assuming drive cache: write through
[   11.271775] sd 2:0:0:0: [sda] Incomplete mode parameter data
[   11.271777] sd 2:0:0:0: [sda] Assuming drive cache: write through
[   11.349727]  sda: sda1
[   11.369398] sd 2:0:1:0: [sdb] Attached SCSI disk
[   11.394641] sd 2:0:0:0: [sda] Attached SCSI disk
[   12.340584] e1000 0000:00:08.0 eth1: (PCI:33MHz:32-bit) 08:00:27:65:4a:63
[   12.368212] e1000 0000:00:08.0 eth1: Intel(R) PRO/1000 Network Connection
[   12.411035] e1000 0000:00:08.0 enp0s8: renamed from eth1
[   12.461260] e1000 0000:00:03.0 enp0s3: renamed from eth0
Begin: Loading essential drivers ... [   21.780366] raid6: sse2x1   gen()  7551 MB/s
[   21.844337] raid6: sse2x1   xor()  5284 MB/s
[   21.908303] raid6: sse2x2   gen()  8992 MB/s
[   21.996441] raid6: sse2x2   xor()  3709 MB/s
[   22.064343] raid6: sse2x4   gen() 10462 MB/s
[   22.128312] raid6: sse2x4   xor()  7015 MB/s
[   22.192346] raid6: avx2x1   gen() 14751 MB/s
[   22.260361] raid6: avx2x1   xor() 10459 MB/s
[   22.324338] raid6: avx2x2   gen() 17056 MB/s
[   22.388331] raid6: avx2x2   xor() 10868 MB/s
[   22.452362] raid6: avx2x4   gen() 19891 MB/s
[   22.516304] raid6: avx2x4   xor() 12671 MB/s
[   22.535489] raid6: using algorithm avx2x4 gen() 19891 MB/s
[   22.559392] raid6: .... xor() 12671 MB/s, rmw enabled
[   22.581314] raid6: using avx2x2 recovery algorithm
[   22.608949] xor: automatically using best checksumming function   avx       
[   22.653694] async_tx: api initialized (async)
done.
Begin: Running /scripts/init-premount ... done.
Begin: Mounting root file system ... Begin: Running /scripts/local-top ... done.
Begin: Running /scripts/local-premount ... [   22.885497] Btrfs loaded, crc32c=crc32c-intel
Scanning for Btrfs filesystems
done.
Warning: fsck not present, so skipping root file system
[   23.095819] EXT4-fs (sda1): mounted filesystem with ordered data mode. Opts: (null)
done.
Begin: Running /scripts/local-bottom ... done.
Begin: Running /scripts/init-bottom ... done.
[   23.898172] ip_tables: (C) 2000-2006 Netfilter Core Team
[   24.002107] systemd[1]: systemd 237 running in system mode. (+PAM +AUDIT +SELINUX +IMA +APPARMOR +SMACK +SYSVINIT +UTMP +LIBCRYPTSETUP +GCRYPT +GNUTLS +ACL +XZ +LZ4 +SECCOMP +BLKID +ELFUTILS +KMOD -IDN2 +IDN -PCRE2 default-hierarchy=hybrid)
[   24.087050] systemd[1]: Detected virtualization oracle.
[   24.109306] systemd[1]: Detected architecture x86-64.

Welcome to [1mUbuntu 18.04.2 LTS[0m!

[   24.394873] systemd[1]: Set hostname to <ubuntu>.
[   24.454344] systemd[1]: Initializing machine ID from random generator.
[   24.493757] systemd[1]: Installed transient /etc/machine-id file.
[   25.547659] systemd[1]: Started Forward Password Requests to Wall Directory Watch.
[[0;32m  OK  [0m] Started Forward Password Requests to Wall Directory Watch.
[   26.089083] systemd[1]: Set up automount Arbitrary Executable File Formats File System Automount Point.
[[0;32m  OK  [0m] Set up automount Arbitrary Executab…rmats File System Automount Point.
[   26.163301] systemd[1]: Reached target System Time Synchronized.
[[0;32m  OK  [0m] Reached target System Time Synchronized.
[   26.252688] systemd[1]: Created slice User and Session Slice.
[[0;32m  OK  [0m] Created slice User and Session Slice.
[[0;32m  OK  [0m] Created slice System Slice.
[[0;32m  OK  [0m] Created slice system-serial\x2dgetty.slice.
[[0;32m  OK  [0m] Listening on udev Kernel Socket.
[[0;32m  OK  [0m] Reached target Slices.
[[0;32m  OK  [0m] Listening on Journal Socket.
         Mounting Kernel Debug File System...
         Mounting Huge Pages File System...
         Starting Remount Root and Kernel File Systems...
[[0;32m  OK  [0m] Listening on LVM2 metadata daemon socket.
         Starting Uncomplicated firewall...
[[0;32m  OK  [0m] Listening on /dev/initctl Compatibility Named Pipe.
         Starting Load Kernel Modules...
         Mounting POSIX Message Queue File System...
[[0;32m  OK  [0m] Listening on Device-mapper event daemon FIFOs.
         Starting Monitoring of LVM2 mirrors…ng dmeventd or progress polling...
[[0;32m  OK  [0m] Listening on Journal Audit Socket.
[[0;32m  OK  [0m] Listening on LVM2 poll daemon socket.
[[0;32m  OK  [0m] Listening on Network Service Netlink Socket.
         Starting Set the console keyboard layout...
[[0;32m  OK  [0m] Reached target Swap.
[[0;32m  OK  [0m] Reached target User and Group Name Lookups.
         Starting Create list of required st…ce nodes for the current kernel...
[   26.825857] Loading iSCSI transport class v2.0-870.
[[0;32m  OK  [0m] Listening on Syslog Socket.
[[0;32m  OK  [0m] Listening on Journal Socket (/dev/log).
         Starting Journal Service...
[[0;32m  OK  [0m] Listening on udev Control Socket.[   26.988660] random: crng init done

[   27.011456] random: 7 urandom warning(s) missed due to ratelimiting
         Starting udev Coldplug all Devices...
[[0;32m  OK  [0m] Started Uncomplicated firewall.
[[0;32m  OK  [0m] Started Create list of required sta…vice nodes for the current kernel.
         Starting Create Static Device Nodes in /dev...
[   27.139204] iscsi: registered transport (tcp)
[[0;32m  OK  [0m] Started udev Coldplug all Devices.
[   27.201186] EXT4-fs (sda1): re-mounted. Opts: (null)
[[0;32m  OK  [0m] Mounted Kernel Debug File System.
[[0;32m  OK  [0m] Started Journal Service.
[[0;32m  OK  [0m] Mounted Huge Pages File System.
[[0;32m  OK  [0m] Started Remount Root and Kernel File Systems.
[[0;32m  OK  [0m] Mounted POSIX Message Queue File System.
         Starting Load/Save Random Seed...
         Starting Flush Journal to Persistent Storage...
[[0;32m  OK  [0m] Started Create Static Device Nodes in /dev.
         Starting udev Kernel Device Manager...
[   27.528576] systemd-journald[398]: Received request to flush runtime journal from PID 1
[[0;32m  OK  [0m] Started LVM2 metadata daemon.
[[0;32m  OK  [0m] Started Load/Save Random Seed.
[[0;32m  OK  [0m] Started Set the console keyboard layout.
[[0;32m  OK  [0m] Started udev Kernel Device Manager.
[[0;32m  OK  [0m] Started Dispatch Password Requests to Console Directory Watch.
[[0;32m  OK  [0m] Reached target Local Encrypted Volumes.
[[0;32m  OK  [0m] Started Monitoring of LVM2 mirrors,…sing dmeventd or progress polling.
[[0;32m  OK  [0m] Reached target Local File Systems (Pre).
[[0;32m  OK  [0m] Reached target Local File Systems.
         Startin[   28.003935] iscsi: registered transport (iser)
g ebtables ruleset management...
         Starting Tell Plymouth To Write Out Runtime Data...
         Starting Commit a transient machine-id on disk...
         Starting AppArmor initialization...
         Starting Set console font and keymap...
[[0;32m  OK  [0m] Started Load Kernel Modules.
[[0;32m  OK  [0m] Started Flush Journal to Persistent Storage.
         Starting Create Volatile Files and Directories...
         Mounting Kernel Configuration File System...
         Starting Apply Kernel Variables...
         Mounting FUSE Control File System...
[[0;32m  OK  [0m] Started Set console font and keymap.
[[0;32m  OK  [0m] Mounted Kernel Configuration File System.
[[0;32m  OK  [0m] Mounted FUSE Control File System.
[   28.419260] ACPI: Video Device [GFX0] (multi-head: yes  rom: no  post: no)
[   28.456844] vgdrvHeartbeatInit: Setting up heartbeat to trigger every 2000 milliseconds
[[0;32m  OK  [0m] Started Create Volatile Files and Directories.
[[0;32m  OK  [0m] Started Commit a transient machine-id on disk.
[[0;32m  OK  [0m] Started Tell Plymouth To Write Out Runtime Data.
[[0;32m  OK  [0m] Started Apply Kernel Variables.
[[0;32m  OK  [0m] Found device /dev/ttyS0.
         Starting Update UTMP about System Boot/Shutdown...
[[0;32m  OK  [0m] Started Update UTMP about System Boot/Shutdown.
[[0;32m  OK  [0m] Started ebtables ruleset management.
[[0;32m  OK  [0m] Listening on Load/Save RF Kill Switch Status /dev/rfkill Watch.
[[0;32m  OK  [0m] Started AppArmor initialization.
         Starting Initial cloud-init job (pre-networking)...
[   34.767912] cloud-init[543]: Cloud-init v. 18.5-45-g3554ffe8-0ubuntu1~18.04.1 running 'init-local' at Wed, 03 Jul 2019 00:47:08 +0000. Up 33.90 seconds.
[[0;32m  OK  [0m] Started Initial cloud-init job (pre-networking).
[[0;32m  OK  [0m] Reached target Network (Pre).
         Starting Network Service...
[[0;32m  OK  [0m] Started Network Service.
         Starting Wait for Network to be Configured...
         Starting Network Name Resolution...
[[0;32m  OK  [0m] Started Network Name Resolution.
[[0;32m  OK  [0m] Reached target Network.
[[0;32m  OK  [0m] Reached target Host and Network Name Lookups.
[[0;32m  OK  [0m] Started Wait for Network to be Configured.
         Starting Initial cloud-init job (metadata service crawler)...
[   38.239966] cloud-init[638]: Cloud-init v. 18.5-45-g3554ffe8-0ubuntu1~18.04.1 running 'init' at Wed, 03 Jul 2019 00:47:12 +0000. Up 37.87 seconds.
[   38.302848] cloud-init[638]: ci-info: ++++++++++++++++++++++++++++++++++++++Net device info+++++++++++++++++++++++++++++++++++++++
[   38.344835] cloud-init[638]: ci-info: +--------+-------+----------------------------+---------------+--------+-------------------+
[   38.379136] cloud-init[638]: ci-info: | Device |   Up  |          Address           |      Mask     | Scope  |     Hw-Address    |
[   38.415594] cloud-init[638]: ci-info: +--------+-------+----------------------------+---------------+--------+-------------------+
[   38.457581] cloud-init[638]: ci-info: | enp0s3 |  True |         10.0.2.15          | 255.255.255.0 | global | 02:35:4a:03:dd:91 |
[   38.492103] cloud-init[638]: ci-info: | enp0s3 |  True | fe80::35:4aff:fe03:dd91/64 |       .       |  link  | 02:35:4a:03:dd:91 |
[   38.527350] cloud-init[638]: ci-info: | enp0s8 | False |             .              |       .       |   .    | 08:00:27:65:4a:63 |
[   38.562062] cloud-init[638]: ci-info: |   lo   |  True |         127.0.0.1          |   255.0.0.0   |  host  |         .         |
[   38.602280] cloud-init[638]: ci-info: |   lo   |  True |          ::1/128           |       .       |  host  |         .         |
[   38.636457] cloud-init[638]: ci-info: +--------+-------+----------------------------+---------------+--------+-------------------+
[   38.671790] cloud-init[638]: ci-info: ++++++++++++++++++++++++++++Route IPv4 info+++++++++++++++++++++++++++++
[   38.699925] cloud-init[638]: ci-info: +-------+-------------+----------+-----------------+-----------+-------+
[   38.729398] cloud-init[638]: ci-info: | Route | Destination | Gateway  |     Genmask     | Interface | Flags |
[   38.757621] cloud-init[638]: ci-info: +-------+-------------+----------+-----------------+-----------+-------+
[   38.786031] cloud-init[638]: ci-info: |   0   |   0.0.0.0   | 10.0.2.2 |     0.0.0.0     |   enp0s3  |   UG  |
[   38.815799] cloud-init[638]: ci-info: |   1   |   10.0.2.0  | 0.0.0.0  |  255.255.255.0  |   enp0s3  |   U   |
[   38.844033] cloud-init[638]: ci-info: |   2   |   10.0.2.2  | 0.0.0.0  | 255.255.255.255 |   enp0s3  |   UH  |
[   38.876608] cloud-init[638]: ci-info: +-------+-------------+----------+-----------------+-----------+-------+
[   38.906088] cloud-init[638]: ci-info: +++++++++++++++++++Route IPv6 info+++++++++++++++++++
[   38.930326] cloud-init[638]: ci-info: +-------+-------------+---------+-----------+-------+
[   38.955194] cloud-init[638]: ci-info: | Route | Destination | Gateway | Interface | Flags |
[   38.979868] cloud-init[638]: ci-info: +-------+-------------+---------+-----------+-------+
[   39.003946] cloud-init[638]: ci-info: |   1   |  fe80::/64  |    ::   |   enp0s3  |   U   |
[   39.027613] cloud-init[638]: ci-info: |   3   |    local    |    ::   |   enp0s3  |   U   |
[   39.051546] cloud-init[638]: ci-info: |   4   |   ff00::/8  |    ::   |   enp0s3  |   U   |
[   39.406000] cloud-init[638]: ci-info: +-------+-------------+---------+-----------+-------+
[   42.727586] cloud-init[638]: Generating public/private rsa key pair.
[   42.752794] cloud-init[638]: Your identification has been saved in /etc/ssh/ssh_host_rsa_key.
[   42.795135] cloud-init[638]: Your public key has been saved in /etc/ssh/ssh_host_rsa_key.pub.
[   42.841898] cloud-init[638]: The key fingerprint is:
[[   42.895752] cloud-init[638]: SHA256:fNCt17LyJshv47F+9TkWE6JUThmR5RX5REo/rhlz2AI root@ubuntu-bionic
[   42.897130] cloud-init[638]: The key's randomart image is:
[   42.897209] cloud-init[638]: +---[RSA 2048]----+
[   42.900519] cloud-init[638]: |             oB+=|
[   42.900611] cloud-init[638]: |         . . *.+o|
[   42.900677] cloud-init[638]: |        . .E= .+o|
[   42.900731] cloud-init[638]: |       . . o.++.o|
[0;32m  OK  [0m] Started Initial cloud-init job (metadata service crawler).
[[0;32m  OK  [0m] Reached target Network is Online.
[   42.900798] cloud-init[638]: |        S + +=o+.|
[   43.405489] cloud-init         Starting Availability of block devices...
[[0;32m  OK  [0m] Reached target Remote File Systems (Pre).
[[0;32m  OK  [0m] Reached target Remote File Systems.
[[0;32m  OK  [0m] Reached target Cloud-config availability.
[[0;32m  OK  [0m] Reached target System Initialization.
[[0;32m  OK  [0m] Started ACPI Events Check.
[[0;32m  OK  [0m] Listening on Open-iSCSI iscsid Socket.
[[0;32m  OK  [0m] Started Daily apt download activities.
[[0;32m  OK  [0m] Started Message of the Day.
         Starting LXD - unix socket.[638]: 
[[0;32m  OK  [0m] Listening on D-Bus System Message Bus Socket.
[[0;32m  OK  [0m] Listening on ACPID Listen Socket.
[[0;32m  OK  [0m] Listening on UUID daemon activation socket.
[[0;32m  OK  [0m] Started Discard unused blocks once a week.
[[0;32m  OK  [0m] Started Daily Cleanup of Temporary Directories.
|         . o oOo |         Starting Socket activation for snappy daemon.
[[0;32m  OK  [0m] Started Daily apt upgrade and clean activities.
[[0;32m  OK  [0m] Reached target Timers.
[[0;32m  OK  [0m] Reached target Paths.
[[0;32m  OK  [0m] Started Availability of block devices.

[[   43.564474] cloud-init[638]: |       . .o .+ .+|
[   43.564560] cloud-init[638]: |        o +=o  +.|
[   43.564613] cloud-init[638]: |         ===. . .|
[   43.564700] cloud-init[638]: +----[SHA256]-----+
[   43.564772] cloud-init[638]: Generating public/private dsa key pair.
[   43.567798] cloud-init[638]: Your identification has been saved in /etc/ssh/ssh_host_dsa_key.
[   43.568059] cloud-init[638]: Your public key has been saved in /etc/ssh/ssh_host_dsa_key.pub.
[   43.568917] cloud-init[638]: The key fingerprint is:
[   43.568972] cloud-init[638]: SHA256:JOdPut9qlbjJNMehZbAhKTbR6UE3HfitY4HrBTvs1WI root@ubuntu-bionic
[   43.569434] cloud-init[638]: The key's randomart image is:
[   43.569489] cloud-init[638]: +---[DSA 1024]----+
[   43.569537] cloud-init[638]: |      .+.ooo..   |
[   43.569584] cloud-init[638]: |      + *.+..    |
[   43.569630] cloud-init[638]: |     ..+oo * .   |
[   43.569685] cloud-init[638]: |       =. + * .  |
[   43.569732] cloud-init[638]: |        S..X *   |
[   43.569782] cloud-init[638]: |         +X E .  |
[   43.569822] cloud-init[638]: |        .=.% o   |
[   43.569869] cloud-init[638]: |         .B.     |
[   43.569918] cloud-init[638]: |        .oo..    |
[   43.569964] cloud-init[638]: +----[SHA256]-----+
[   43.570011] cloud-init[638]: Generating public/private ecdsa key pair.
[   43.570058] cloud-init[638]: Your identification has been saved in /etc/ssh/ssh_host_ecdsa_key.
[   43.570103] cloud-init[638]: Your public key has been saved in /etc/ssh/ssh_host_ecdsa_key.pub.
[   43.570169] cloud-init[638]: The key fingerprint is:
[   43.570206] cloud-init[638]: SHA256:aipV2gh3YXEOZMrWCZgUEduCIu2AtUM/BZEV3/V4j9s root@ubuntu-bionic
[   43.570248] cloud-init[638]: The key's randomart image is:
[   43.570297] cloud-init[638]: +---[ECDSA 256]---+
[   43.570348] cloud-init[638]: | .B*+*Oo.   .    |
[   43.570408] cloud-init[638]: |.=o*.*o* . . o   |
[   43.570453] cloud-init[638]: |* * B.o.o . . o  |
[   43.570581] cloud-init[638]: |oo.+..o      . o |
[   43.570842] cloud-init[638]: |  .o *  S     . .|
[   43.571095] cloud-init[638]: |    + ..       o |
[   43.571560] cloud-init[638]: |   .  o       . E|
[   43.571624] cloud-init[638]: |  .  o           |
[   43.571672] cloud-init[638]: |   ..            |
[   43.571954] cloud-init[638]: +----[SHA256]-----+
[   43.572010] cloud-init[638]: Generating public/private ed25519 key pair.
[   43.572058] cloud-init[638]: Your identification has been saved in /etc/ssh/ssh_host_ed25519_key.
[   43.572149] cloud-init[638]: Your public key has been saved in /etc/ssh/ssh_host_ed25519_key.pub.
[   43.572196] cloud-init[638]: The key fingerprint is:
[   43.572246] cloud-init[638]: SHA256:184Q5x+Byen8qYytTcAmFFaOoBDkwphg+ghMRDrIlxE root@ubuntu-bionic
[   43.572306] cloud-init[638]: The key's randomart image is:
[   43.572359] cloud-init[638]: +--[ED25519 256]--+
[   43.572475] cloud-init[638]: |+*+E. . o..      |
[0;32m  OK  [0m] Listening on LXD - unix socket.
[   43.573167] cloud-init[638]: |%o .o. o + . +   |
[   44.583384] cloud-init[638]: |X+.o.   o o * .  |
[   44.583810] cloud-init[638]: |.=.    . . B   . |
[   44.583919] cloud-init[638]: |. .     S * = .  |[[0;32m  OK  [0m] Listening on Socket activation for snappy daemon.
[
[0;32m  OK  [0m] Reached target Sockets.
[   44.649022] cloud-init[638]: |         + = o o |
[   44.673266] cloud-init[638]: |            + +  |[[0;32m  OK  [0m] Reached target Basic System.
[
[0;32m  OK  [0m] Started irqbalance daemon.
         Starting System Logging Service...
         Starting Dispatcher daemon for systemd-networkd...
[[0;32m  OK  [0m] Started Regular background program processing daemon.
         Starting Accounts Service...
         Starting Permit User Sessions...
         Starting Virtualbox guest utils...
         Starting LSB: automatic crash report generation...
[[0;32m  OK  [0m] Started Deferred execution scheduler.
[[0;32m  OK  [0m] Started FUSE filesystem for LXC.
[   44.855382] cloud-init[638]: |           * .   |         Starting Snappy daemon...
[[0;32m  OK  [0m] Started D-Bus System Message Bus.

[   44.916451] cloud-init[638]: |          o.=    |
[   44.946980] cloud-init[638]: +----[SHA256]-----+
         Starting Pollinate to seed the pseudo random number generator...
         Starting LSB: Record successful boot for GRUB...
         Starting Login Service...
         Starting LXD - container startup/shutdown...
[[0;32m  OK  [0m] Started System Logging Service.
[[0;32m  OK  [0m] Started Permit User Sessions.
[[0;32m  OK  [0m] Started Dispatcher daemon for systemd-networkd.
[[0;32m  OK  [0m] Started Login Service.
[[0;32m  OK  [0m] Started Unattended Upgrades Shutdown.
         Starting Authorization Manager...
         Starting Terminate Plymouth Boot Screen...
         Starting Hold until boot process finishes up...
[[0;32m  OK  [0m] Started LSB: automatic crash report generation.
[[0;32m  OK  [0m] Started Terminate Plymouth Boot Screen.
[[0;32m  OK  [0m] Started Hold until boot process finishes up.
         Starting Set console scheme...
[[0;32m  OK  [0m] Started Serial Getty on ttyS0.
[[0;32m  OK  [0m] Started Set console scheme.
[[0;32m  OK  [0m] Created slice system-getty.slice.
[[0;32m  OK  [0m] Started Getty on tty1.
[[0;32m  OK  [0m] Reached target Login Prompts.
[[0;32m  OK  [0m] Started LSB: Record successful boot for GRUB.
[[0;32m  OK  [0m] Started Virtualbox guest utils.
[[0;32m  OK  [0m] Started Authorization Manager.
[[0;32m  OK  [0m] Started Accounts Service.
[[0;32m  OK  [0m] Started LXD - container startup/shutdown.
[[0;32m  OK  [0m] Started Snappy daemon.
         Starting Wait until snapd is fully seeded...
[[0;32m  OK  [0m] Started Pollinate to seed the pseudo random number generator.
         Starting OpenBSD Secure Shell server...
[[0;32m  OK  [0m] Started OpenBSD Secure Shell server.
[[0;32m  OK  [0m] Created slice User Slice of vagrant.
[[0;32m  OK  [0m] Started Session 1 of user vagrant.
         Starting User Manager for UID 1000...
[[0;32m  OK  [0m] Started User Manager for UID 1000.

Ubuntu 18.04.2 LTS ubuntu-bionic ttyS0

ubuntu-bionic login: [   54.776786] cloud-init[1260]: Cloud-init v. 18.5-45-g3554ffe8-0ubuntu1~18.04.1 running 'modules:config' at Wed, 03 Jul 2019 00:47:28 +0000. Up 53.69 seconds.
ci-info: no authorized ssh keys fingerprints found for user ubuntu.
<14>Jul  3 00:47:30 ec2: 
<14>Jul  3 00:47:30 ec2: #############################################################
<14>Jul  3 00:47:30 ec2: -----BEGIN SSH HOST KEY FINGERPRINTS-----
<14>Jul  3 00:47:30 ec2: 1024 SHA256:JOdPut9qlbjJNMehZbAhKTbR6UE3HfitY4HrBTvs1WI root@ubuntu-bionic (DSA)
<14>Jul  3 00:47:30 ec2: 256 SHA256:aipV2gh3YXEOZMrWCZgUEduCIu2AtUM/BZEV3/V4j9s root@ubuntu-bionic (ECDSA)
<14>Jul  3 00:47:30 ec2: 256 SHA256:184Q5x+Byen8qYytTcAmFFaOoBDkwphg+ghMRDrIlxE root@ubuntu-bionic (ED25519)
<14>Jul  3 00:47:30 ec2: 2048 SHA256:fNCt17LyJshv47F+9TkWE6JUThmR5RX5REo/rhlz2AI root@ubuntu-bionic (RSA)
<14>Jul  3 00:47:30 ec2: -----END SSH HOST KEY FINGERPRINTS-----
<14>Jul  3 00:47:30 ec2: #############################################################
-----BEGIN SSH HOST KEY KEYS-----
ecdsa-sha2-nistp256 AAAAE2VjZHNhLXNoYTItbmlzdHAyNTYAAAAIbmlzdHAyNTYAAABBBL/d0fn46VteTIgklhVx198B+qE0o83mgxAFkIEOEg1O2Q3nROoLmoPRXBEaC9EVtqq0wOfdMPIYa3GAxTcSur8= root@ubuntu-bionic
ssh-ed25519 AAAAC3NzaC1lZDI1NTE5AAAAIMWJf6ZvKQHS7klmtPEdM8hToe4E0U+LR9lmfa9jJiZt root@ubuntu-bionic
ssh-rsa AAAAB3NzaC1yc2EAAAADAQABAAABAQDVNbG5flV+f2RRGpIDkchM7YHyOYnyDQLSvO+tBsBHrj4krOVG8XBNmABejrwcck7fQeHAVj6mNC15aBjzfBWZV1X9/rqjOdK7W9X6455LGkfx6AEW4HlIbbbnIMluvsSWNdGSJGnklvDr6kUecWiQsNam0vDsr/FtifwUsz2M2+sEkyqYF1wL5NcLaafkrKjiPAV9sD9pFOk8PRB5Q1J1PaMD5Surlp8RSos/dKmliSrjmKRtTWP+9GTE8ygwokzbDCKYNSPTCkjKnvWKU1/xvuaE99/2to/mxwh1h8EbH/vrJ787kWCUBer8+OVTvkyfDxk2yabv/B+J3kTh8ziR root@ubuntu-bionic
-----END SSH HOST KEY KEYS-----
[   56.227751] cloud-init[1373]: Cloud-init v. 18.5-45-g3554ffe8-0ubuntu1~18.04.1 running 'modules:final' at Wed, 03 Jul 2019 00:47:29 +0000. Up 55.35 seconds.
[   56.228528] cloud-init[1373]: ci-info: no authorized ssh keys fingerprints found for user ubuntu.
[   56.228606] cloud-init[1373]: Cloud-init v. 18.5-45-g3554ffe8-0ubuntu1~18.04.1 finished at Wed, 03 Jul 2019 00:47:30 +0000. Datasource DataSourceNoCloud [seed=/dev/sdb][dsmode=net].  Up 56.16 seconds
